0 info it worked if it ends with ok
1 verbose cli [ 'C:\\Program Files\\nodejs\\node.exe',
1 verbose cli   'C:\\Users\\Selva\\AppData\\Roaming\\npm\\node_modules\\npm\\bin\\npm-cli.js',
1 verbose cli   'run-script',
1 verbose cli   'env',
1 verbose cli   'dev' ]
2 info using npm@3.10.9
3 info using node@v7.0.0
4 verbose run-script using default platform env: SET (Windows)
5 verbose run-script [ 'preenv', 'env', 'postenv' ]
6 info lifecycle pickmeup-app@0.0.1~preenv: pickmeup-app@0.0.1
7 silly lifecycle pickmeup-app@0.0.1~preenv: no script for preenv, continuing
8 info lifecycle pickmeup-app@0.0.1~env: pickmeup-app@0.0.1
9 verbose lifecycle pickmeup-app@0.0.1~env: unsafe-perm in lifecycle true
10 verbose lifecycle pickmeup-app@0.0.1~env: PATH: C:\Users\Selva\AppData\Roaming\npm\node_modules\npm\bin\node-gyp-bin;C:\Users\Selva\workspace\pickmeup-app\node_modules\.bin;C:/opscode/chefdk/bin;C:/Users/Selva/AppData/Local/chefdk/gem/ruby/2.3.0/bin;C:/opscode/chefdk/embedded/bin;C:\opscode\chefdk\bin;C:\ProgramData\Oracle\Java\javapath;C:\Program Files (x86)\HP SimplePass 2012\x64;C:\Program Files (x86)\HP SimplePass 2012\;C:\Program Files (x86)\AMD APP\bin\x86_64;C:\Program Files (x86)\AMD APP\bin\x86;C:\Program Files\Common Files\Microsoft Shared\Windows Live;C:\Program Files (x86)\Common Files\Microsoft Shared\Windows Live;C:\WINDOWS\system32;C:\WINDOWS;C:\WINDOWS\System32\Wbem;C:\WINDOWS\System32\WindowsPowerShell\v1.0\;C:\Program Files (x86)\Common Files\Roxio Shared\DLLShared\;C:\Program Files (x86)\Common Files\Roxio Shared\12.0\DLLShared\;C:\Program Files (x86)\Windows Live\Shared;C:\Program Files (x86)\ATI Technologies\ATI.ACE\Core-Static;C:\Program Files\Intel\WiFi\bin\;C:\Program Files\Common Files\Intel\WirelessCommon\;C:\Program Files (x86)\Intel\Services\IPT\;C:\opscode\chefdk\bin\;C:\Program Files\Java\jdk1.8.0_111\bin;C:\Program Files\PostgreSQL\pg96\bin;C:\Program Files\nodejs\;C:\Python27\;C:\Users\Selva\AppData\Local\Microsoft\WindowsApps;C:\Program Files\Docker Toolbox;C:\Program Files (x86)\Microsoft VS Code\bin;C:\Users\Selva\AppData\Roaming\npm;C:/opscode/chefdk/embedded/git/usr/bin
11 verbose lifecycle pickmeup-app@0.0.1~env: CWD: C:\Users\Selva\workspace\pickmeup-app
12 silly lifecycle pickmeup-app@0.0.1~env: Args: [ '/d /s /c', 'SET "dev"' ]
13 silly lifecycle pickmeup-app@0.0.1~env: Returned: code: 1  signal: null
14 info lifecycle pickmeup-app@0.0.1~env: Failed to exec env script
15 verbose stack Error: pickmeup-app@0.0.1 env: `SET "dev"`
15 verbose stack Exit status 1
15 verbose stack     at EventEmitter.<anonymous> (C:\Users\Selva\AppData\Roaming\npm\node_modules\npm\lib\utils\lifecycle.js:255:16)
15 verbose stack     at emitTwo (events.js:106:13)
15 verbose stack     at EventEmitter.emit (events.js:191:7)
15 verbose stack     at ChildProcess.<anonymous> (C:\Users\Selva\AppData\Roaming\npm\node_modules\npm\lib\utils\spawn.js:40:14)
15 verbose stack     at emitTwo (events.js:106:13)
15 verbose stack     at ChildProcess.emit (events.js:191:7)
15 verbose stack     at maybeClose (internal/child_process.js:877:16)
15 verbose stack     at Process.ChildProcess._handle.onexit (internal/child_process.js:226:5)
16 verbose pkgid pickmeup-app@0.0.1
17 verbose cwd C:\Users\Selva\workspace\pickmeup-app
18 error Windows_NT 10.0.14393
19 error argv "C:\\Program Files\\nodejs\\node.exe" "C:\\Users\\Selva\\AppData\\Roaming\\npm\\node_modules\\npm\\bin\\npm-cli.js" "run-script" "env" "dev"
20 error node v7.0.0
21 error npm  v3.10.9
22 error code ELIFECYCLE
23 error pickmeup-app@0.0.1 env: `SET "dev"`
23 error Exit status 1
24 error Failed at the pickmeup-app@0.0.1 env script 'SET "dev"'.
24 error Make sure you have the latest version of node.js and npm installed.
24 error If you do, this is most likely a problem with the pickmeup-app package,
24 error not with npm itself.
24 error Tell the author that this fails on your system:
24 error     SET "dev"
24 error You can get information on how to open an issue for this project with:
24 error     npm bugs pickmeup-app
24 error Or if that isn't available, you can get their info via:
24 error     npm owner ls pickmeup-app
24 error There is likely additional logging output above.
25 verbose exit [ 1, true ]
